
 minesweeper debug file 

 Starting visible board 

 rang: ['0', '1', '2', '3', '4', '5']

 visible_board: [['#', '#', '#', '#', '#', '#'], ['#', '#', '#', '#', '#', '#'], ['#', '#', '#', '#', '#', '#'], ['#', '#', '#', '#', '#', '#'], ['#', '#', '#', '#', '#', '#'], ['#', '#', '#', '#', '#', '#']]

 Dug row and col: 0, 0 

    ['0', '1', '2', '3', '4', '5']

  0[['0', '#', '#', '#', '#', '#'], ['#', '#', '#', '#', '#', '#'], ['#', '#', '#', '#', '#', '#'], ['#', '#', '#', '#', '#', '#'], ['#', '#', '#', '#', '#', '#'], ['#', '#', '#', '#', '#', '#']]

  1[['0', '#', '#', '#', '#', '#'], ['#', '#', '#', '#', '#', '#'], ['#', '#', '#', '#', '#', '#'], ['#', '#', '#', '#', '#', '#'], ['#', '#', '#', '#', '#', '#'], ['#', '#', '#', '#', '#', '#']]

  2[['0', '#', '#', '#', '#', '#'], ['#', '#', '#', '#', '#', '#'], ['#', '#', '#', '#', '#', '#'], ['#', '#', '#', '#', '#', '#'], ['#', '#', '#', '#', '#', '#'], ['#', '#', '#', '#', '#', '#']]

  3[['0', '#', '#', '#', '#', '#'], ['#', '#', '#', '#', '#', '#'], ['#', '#', '#', '#', '#', '#'], ['#', '#', '#', '#', '#', '#'], ['#', '#', '#', '#', '#', '#'], ['#', '#', '#', '#', '#', '#']]

  4[['0', '#', '#', '#', '#', '#'], ['#', '#', '#', '#', '#', '#'], ['#', '#', '#', '#', '#', '#'], ['#', '#', '#', '#', '#', '#'], ['#', '#', '#', '#', '#', '#'], ['#', '#', '#', '#', '#', '#']]

  5[['0', '#', '#', '#', '#', '#'], ['#', '#', '#', '#', '#', '#'], ['#', '#', '#', '#', '#', '#'], ['#', '#', '#', '#', '#', '#'], ['#', '#', '#', '#', '#', '#'], ['#', '#', '#', '#', '#', '#']]

 Dug row and col: 1, 0 

    ['0', '1', '2', '3', '4', '5']

  0[['0', '#', '#', '#', '#', '#'], ['0', '#', '#', '#', '#', '#'], ['#', '#', '#', '#', '#', '#'], ['#', '#', '#', '#', '#', '#'], ['#', '#', '#', '#', '#', '#'], ['#', '#', '#', '#', '#', '#']]

  1[['0', '#', '#', '#', '#', '#'], ['0', '#', '#', '#', '#', '#'], ['#', '#', '#', '#', '#', '#'], ['#', '#', '#', '#', '#', '#'], ['#', '#', '#', '#', '#', '#'], ['#', '#', '#', '#', '#', '#']]

  2[['0', '#', '#', '#', '#', '#'], ['0', '#', '#', '#', '#', '#'], ['#', '#', '#', '#', '#', '#'], ['#', '#', '#', '#', '#', '#'], ['#', '#', '#', '#', '#', '#'], ['#', '#', '#', '#', '#', '#']]

  3[['0', '#', '#', '#', '#', '#'], ['0', '#', '#', '#', '#', '#'], ['#', '#', '#', '#', '#', '#'], ['#', '#', '#', '#', '#', '#'], ['#', '#', '#', '#', '#', '#'], ['#', '#', '#', '#', '#', '#']]

  4[['0', '#', '#', '#', '#', '#'], ['0', '#', '#', '#', '#', '#'], ['#', '#', '#', '#', '#', '#'], ['#', '#', '#', '#', '#', '#'], ['#', '#', '#', '#', '#', '#'], ['#', '#', '#', '#', '#', '#']]

  5[['0', '#', '#', '#', '#', '#'], ['0', '#', '#', '#', '#', '#'], ['#', '#', '#', '#', '#', '#'], ['#', '#', '#', '#', '#', '#'], ['#', '#', '#', '#', '#', '#'], ['#', '#', '#', '#', '#', '#']]

 Dug row and col: 2, 0 

    ['0', '1', '2', '3', '4', '5']

  0[['0', '#', '#', '#', '#', '#'], ['0', '#', '#', '#', '#', '#'], ['2', '#', '#', '#', '#', '#'], ['#', '#', '#', '#', '#', '#'], ['#', '#', '#', '#', '#', '#'], ['#', '#', '#', '#', '#', '#']]

  1[['0', '#', '#', '#', '#', '#'], ['0', '#', '#', '#', '#', '#'], ['2', '#', '#', '#', '#', '#'], ['#', '#', '#', '#', '#', '#'], ['#', '#', '#', '#', '#', '#'], ['#', '#', '#', '#', '#', '#']]

  2[['0', '#', '#', '#', '#', '#'], ['0', '#', '#', '#', '#', '#'], ['2', '#', '#', '#', '#', '#'], ['#', '#', '#', '#', '#', '#'], ['#', '#', '#', '#', '#', '#'], ['#', '#', '#', '#', '#', '#']]

  3[['0', '#', '#', '#', '#', '#'], ['0', '#', '#', '#', '#', '#'], ['2', '#', '#', '#', '#', '#'], ['#', '#', '#', '#', '#', '#'], ['#', '#', '#', '#', '#', '#'], ['#', '#', '#', '#', '#', '#']]

  4[['0', '#', '#', '#', '#', '#'], ['0', '#', '#', '#', '#', '#'], ['2', '#', '#', '#', '#', '#'], ['#', '#', '#', '#', '#', '#'], ['#', '#', '#', '#', '#', '#'], ['#', '#', '#', '#', '#', '#']]

  5[['0', '#', '#', '#', '#', '#'], ['0', '#', '#', '#', '#', '#'], ['2', '#', '#', '#', '#', '#'], ['#', '#', '#', '#', '#', '#'], ['#', '#', '#', '#', '#', '#'], ['#', '#', '#', '#', '#', '#']]

 Dug row and col: 3, 0 

    ['0', '1', '2', '3', '4', '5']

  0[['0', '#', '#', '#', '#', '#'], ['0', '#', '#', '#', '#', '#'], ['2', '#', '#', '#', '#', '#'], ['1', '#', '#', '#', '#', '#'], ['#', '#', '#', '#', '#', '#'], ['#', '#', '#', '#', '#', '#']]

  1[['0', '#', '#', '#', '#', '#'], ['0', '#', '#', '#', '#', '#'], ['2', '#', '#', '#', '#', '#'], ['1', '#', '#', '#', '#', '#'], ['#', '#', '#', '#', '#', '#'], ['#', '#', '#', '#', '#', '#']]

  2[['0', '#', '#', '#', '#', '#'], ['0', '#', '#', '#', '#', '#'], ['2', '#', '#', '#', '#', '#'], ['1', '#', '#', '#', '#', '#'], ['#', '#', '#', '#', '#', '#'], ['#', '#', '#', '#', '#', '#']]

  3[['0', '#', '#', '#', '#', '#'], ['0', '#', '#', '#', '#', '#'], ['2', '#', '#', '#', '#', '#'], ['1', '#', '#', '#', '#', '#'], ['#', '#', '#', '#', '#', '#'], ['#', '#', '#', '#', '#', '#']]

  4[['0', '#', '#', '#', '#', '#'], ['0', '#', '#', '#', '#', '#'], ['2', '#', '#', '#', '#', '#'], ['1', '#', '#', '#', '#', '#'], ['#', '#', '#', '#', '#', '#'], ['#', '#', '#', '#', '#', '#']]

  5[['0', '#', '#', '#', '#', '#'], ['0', '#', '#', '#', '#', '#'], ['2', '#', '#', '#', '#', '#'], ['1', '#', '#', '#', '#', '#'], ['#', '#', '#', '#', '#', '#'], ['#', '#', '#', '#', '#', '#']]

 Dug row and col: 3, 1 

    ['0', '1', '2', '3', '4', '5']

  0[['0', '#', '#', '#', '#', '#'], ['0', '#', '#', '#', '#', '#'], ['2', '#', '#', '#', '#', '#'], ['1', '1', '#', '#', '#', '#'], ['#', '#', '#', '#', '#', '#'], ['#', '#', '#', '#', '#', '#']]

  1[['0', '#', '#', '#', '#', '#'], ['0', '#', '#', '#', '#', '#'], ['2', '#', '#', '#', '#', '#'], ['1', '1', '#', '#', '#', '#'], ['#', '#', '#', '#', '#', '#'], ['#', '#', '#', '#', '#', '#']]

  2[['0', '#', '#', '#', '#', '#'], ['0', '#', '#', '#', '#', '#'], ['2', '#', '#', '#', '#', '#'], ['1', '1', '#', '#', '#', '#'], ['#', '#', '#', '#', '#', '#'], ['#', '#', '#', '#', '#', '#']]

  3[['0', '#', '#', '#', '#', '#'], ['0', '#', '#', '#', '#', '#'], ['2', '#', '#', '#', '#', '#'], ['1', '1', '#', '#', '#', '#'], ['#', '#', '#', '#', '#', '#'], ['#', '#', '#', '#', '#', '#']]

  4[['0', '#', '#', '#', '#', '#'], ['0', '#', '#', '#', '#', '#'], ['2', '#', '#', '#', '#', '#'], ['1', '1', '#', '#', '#', '#'], ['#', '#', '#', '#', '#', '#'], ['#', '#', '#', '#', '#', '#']]

  5[['0', '#', '#', '#', '#', '#'], ['0', '#', '#', '#', '#', '#'], ['2', '#', '#', '#', '#', '#'], ['1', '1', '#', '#', '#', '#'], ['#', '#', '#', '#', '#', '#'], ['#', '#', '#', '#', '#', '#']]

 Dug row and col: 2, 1 

    ['0', '1', '2', '3', '4', '5']

  0[['0', '#', '#', '#', '#', '#'], ['0', '#', '#', '#', '#', '#'], ['2', '2', '#', '#', '#', '#'], ['1', '1', '#', '#', '#', '#'], ['#', '#', '#', '#', '#', '#'], ['#', '#', '#', '#', '#', '#']]

  1[['0', '#', '#', '#', '#', '#'], ['0', '#', '#', '#', '#', '#'], ['2', '2', '#', '#', '#', '#'], ['1', '1', '#', '#', '#', '#'], ['#', '#', '#', '#', '#', '#'], ['#', '#', '#', '#', '#', '#']]

  2[['0', '#', '#', '#', '#', '#'], ['0', '#', '#', '#', '#', '#'], ['2', '2', '#', '#', '#', '#'], ['1', '1', '#', '#', '#', '#'], ['#', '#', '#', '#', '#', '#'], ['#', '#', '#', '#', '#', '#']]

  3[['0', '#', '#', '#', '#', '#'], ['0', '#', '#', '#', '#', '#'], ['2', '2', '#', '#', '#', '#'], ['1', '1', '#', '#', '#', '#'], ['#', '#', '#', '#', '#', '#'], ['#', '#', '#', '#', '#', '#']]

  4[['0', '#', '#', '#', '#', '#'], ['0', '#', '#', '#', '#', '#'], ['2', '2', '#', '#', '#', '#'], ['1', '1', '#', '#', '#', '#'], ['#', '#', '#', '#', '#', '#'], ['#', '#', '#', '#', '#', '#']]

  5[['0', '#', '#', '#', '#', '#'], ['0', '#', '#', '#', '#', '#'], ['2', '2', '#', '#', '#', '#'], ['1', '1', '#', '#', '#', '#'], ['#', '#', '#', '#', '#', '#'], ['#', '#', '#', '#', '#', '#']]

 Dug row and col: 1, 1 

    ['0', '1', '2', '3', '4', '5']

  0[['0', '#', '#', '#', '#', '#'], ['0', '0', '#', '#', '#', '#'], ['2', '2', '#', '#', '#', '#'], ['1', '1', '#', '#', '#', '#'], ['#', '#', '#', '#', '#', '#'], ['#', '#', '#', '#', '#', '#']]

  1[['0', '#', '#', '#', '#', '#'], ['0', '0', '#', '#', '#', '#'], ['2', '2', '#', '#', '#', '#'], ['1', '1', '#', '#', '#', '#'], ['#', '#', '#', '#', '#', '#'], ['#', '#', '#', '#', '#', '#']]

  2[['0', '#', '#', '#', '#', '#'], ['0', '0', '#', '#', '#', '#'], ['2', '2', '#', '#', '#', '#'], ['1', '1', '#', '#', '#', '#'], ['#', '#', '#', '#', '#', '#'], ['#', '#', '#', '#', '#', '#']]

  3[['0', '#', '#', '#', '#', '#'], ['0', '0', '#', '#', '#', '#'], ['2', '2', '#', '#', '#', '#'], ['1', '1', '#', '#', '#', '#'], ['#', '#', '#', '#', '#', '#'], ['#', '#', '#', '#', '#', '#']]

  4[['0', '#', '#', '#', '#', '#'], ['0', '0', '#', '#', '#', '#'], ['2', '2', '#', '#', '#', '#'], ['1', '1', '#', '#', '#', '#'], ['#', '#', '#', '#', '#', '#'], ['#', '#', '#', '#', '#', '#']]

  5[['0', '#', '#', '#', '#', '#'], ['0', '0', '#', '#', '#', '#'], ['2', '2', '#', '#', '#', '#'], ['1', '1', '#', '#', '#', '#'], ['#', '#', '#', '#', '#', '#'], ['#', '#', '#', '#', '#', '#']]

 Dug row and col: 0, 1 

    ['0', '1', '2', '3', '4', '5']

  0[['0', '0', '#', '#', '#', '#'], ['0', '0', '#', '#', '#', '#'], ['2', '2', '#', '#', '#', '#'], ['1', '1', '#', '#', '#', '#'], ['#', '#', '#', '#', '#', '#'], ['#', '#', '#', '#', '#', '#']]

  1[['0', '0', '#', '#', '#', '#'], ['0', '0', '#', '#', '#', '#'], ['2', '2', '#', '#', '#', '#'], ['1', '1', '#', '#', '#', '#'], ['#', '#', '#', '#', '#', '#'], ['#', '#', '#', '#', '#', '#']]

  2[['0', '0', '#', '#', '#', '#'], ['0', '0', '#', '#', '#', '#'], ['2', '2', '#', '#', '#', '#'], ['1', '1', '#', '#', '#', '#'], ['#', '#', '#', '#', '#', '#'], ['#', '#', '#', '#', '#', '#']]

  3[['0', '0', '#', '#', '#', '#'], ['0', '0', '#', '#', '#', '#'], ['2', '2', '#', '#', '#', '#'], ['1', '1', '#', '#', '#', '#'], ['#', '#', '#', '#', '#', '#'], ['#', '#', '#', '#', '#', '#']]

  4[['0', '0', '#', '#', '#', '#'], ['0', '0', '#', '#', '#', '#'], ['2', '2', '#', '#', '#', '#'], ['1', '1', '#', '#', '#', '#'], ['#', '#', '#', '#', '#', '#'], ['#', '#', '#', '#', '#', '#']]

  5[['0', '0', '#', '#', '#', '#'], ['0', '0', '#', '#', '#', '#'], ['2', '2', '#', '#', '#', '#'], ['1', '1', '#', '#', '#', '#'], ['#', '#', '#', '#', '#', '#'], ['#', '#', '#', '#', '#', '#']]

 Dug row and col: 0, 2 

    ['0', '1', '2', '3', '4', '5']

  0[['0', '0', '2', '#', '#', '#'], ['0', '0', '#', '#', '#', '#'], ['2', '2', '#', '#', '#', '#'], ['1', '1', '#', '#', '#', '#'], ['#', '#', '#', '#', '#', '#'], ['#', '#', '#', '#', '#', '#']]

  1[['0', '0', '2', '#', '#', '#'], ['0', '0', '#', '#', '#', '#'], ['2', '2', '#', '#', '#', '#'], ['1', '1', '#', '#', '#', '#'], ['#', '#', '#', '#', '#', '#'], ['#', '#', '#', '#', '#', '#']]

  2[['0', '0', '2', '#', '#', '#'], ['0', '0', '#', '#', '#', '#'], ['2', '2', '#', '#', '#', '#'], ['1', '1', '#', '#', '#', '#'], ['#', '#', '#', '#', '#', '#'], ['#', '#', '#', '#', '#', '#']]

  3[['0', '0', '2', '#', '#', '#'], ['0', '0', '#', '#', '#', '#'], ['2', '2', '#', '#', '#', '#'], ['1', '1', '#', '#', '#', '#'], ['#', '#', '#', '#', '#', '#'], ['#', '#', '#', '#', '#', '#']]

  4[['0', '0', '2', '#', '#', '#'], ['0', '0', '#', '#', '#', '#'], ['2', '2', '#', '#', '#', '#'], ['1', '1', '#', '#', '#', '#'], ['#', '#', '#', '#', '#', '#'], ['#', '#', '#', '#', '#', '#']]

  5[['0', '0', '2', '#', '#', '#'], ['0', '0', '#', '#', '#', '#'], ['2', '2', '#', '#', '#', '#'], ['1', '1', '#', '#', '#', '#'], ['#', '#', '#', '#', '#', '#'], ['#', '#', '#', '#', '#', '#']]

 Dug row and col: 0, 3 

    ['0', '1', '2', '3', '4', '5']

  0[['0', '0', '2', '1', '#', '#'], ['0', '0', '#', '#', '#', '#'], ['2', '2', '#', '#', '#', '#'], ['1', '1', '#', '#', '#', '#'], ['#', '#', '#', '#', '#', '#'], ['#', '#', '#', '#', '#', '#']]

  1[['0', '0', '2', '1', '#', '#'], ['0', '0', '#', '#', '#', '#'], ['2', '2', '#', '#', '#', '#'], ['1', '1', '#', '#', '#', '#'], ['#', '#', '#', '#', '#', '#'], ['#', '#', '#', '#', '#', '#']]

  2[['0', '0', '2', '1', '#', '#'], ['0', '0', '#', '#', '#', '#'], ['2', '2', '#', '#', '#', '#'], ['1', '1', '#', '#', '#', '#'], ['#', '#', '#', '#', '#', '#'], ['#', '#', '#', '#', '#', '#']]

  3[['0', '0', '2', '1', '#', '#'], ['0', '0', '#', '#', '#', '#'], ['2', '2', '#', '#', '#', '#'], ['1', '1', '#', '#', '#', '#'], ['#', '#', '#', '#', '#', '#'], ['#', '#', '#', '#', '#', '#']]

  4[['0', '0', '2', '1', '#', '#'], ['0', '0', '#', '#', '#', '#'], ['2', '2', '#', '#', '#', '#'], ['1', '1', '#', '#', '#', '#'], ['#', '#', '#', '#', '#', '#'], ['#', '#', '#', '#', '#', '#']]

  5[['0', '0', '2', '1', '#', '#'], ['0', '0', '#', '#', '#', '#'], ['2', '2', '#', '#', '#', '#'], ['1', '1', '#', '#', '#', '#'], ['#', '#', '#', '#', '#', '#'], ['#', '#', '#', '#', '#', '#']]

 Dug row and col: 1, 2 

    ['0', '1', '2', '3', '4', '5']

  0[['0', '0', '2', '1', '#', '#'], ['0', '0', '2', '#', '#', '#'], ['2', '2', '#', '#', '#', '#'], ['1', '1', '#', '#', '#', '#'], ['#', '#', '#', '#', '#', '#'], ['#', '#', '#', '#', '#', '#']]

  1[['0', '0', '2', '1', '#', '#'], ['0', '0', '2', '#', '#', '#'], ['2', '2', '#', '#', '#', '#'], ['1', '1', '#', '#', '#', '#'], ['#', '#', '#', '#', '#', '#'], ['#', '#', '#', '#', '#', '#']]

  2[['0', '0', '2', '1', '#', '#'], ['0', '0', '2', '#', '#', '#'], ['2', '2', '#', '#', '#', '#'], ['1', '1', '#', '#', '#', '#'], ['#', '#', '#', '#', '#', '#'], ['#', '#', '#', '#', '#', '#']]

  3[['0', '0', '2', '1', '#', '#'], ['0', '0', '2', '#', '#', '#'], ['2', '2', '#', '#', '#', '#'], ['1', '1', '#', '#', '#', '#'], ['#', '#', '#', '#', '#', '#'], ['#', '#', '#', '#', '#', '#']]

  4[['0', '0', '2', '1', '#', '#'], ['0', '0', '2', '#', '#', '#'], ['2', '2', '#', '#', '#', '#'], ['1', '1', '#', '#', '#', '#'], ['#', '#', '#', '#', '#', '#'], ['#', '#', '#', '#', '#', '#']]

  5[['0', '0', '2', '1', '#', '#'], ['0', '0', '2', '#', '#', '#'], ['2', '2', '#', '#', '#', '#'], ['1', '1', '#', '#', '#', '#'], ['#', '#', '#', '#', '#', '#'], ['#', '#', '#', '#', '#', '#']]

 Dug row and col: 2, 2 

    ['0', '1', '2', '3', '4', '5']

  0[['0', '0', '2', '1', '#', '#'], ['0', '0', '2', '#', '#', '#'], ['2', '2', '2', '#', '#', '#'], ['1', '1', '#', '#', '#', '#'], ['#', '#', '#', '#', '#', '#'], ['#', '#', '#', '#', '#', '#']]

  1[['0', '0', '2', '1', '#', '#'], ['0', '0', '2', '#', '#', '#'], ['2', '2', '2', '#', '#', '#'], ['1', '1', '#', '#', '#', '#'], ['#', '#', '#', '#', '#', '#'], ['#', '#', '#', '#', '#', '#']]

  2[['0', '0', '2', '1', '#', '#'], ['0', '0', '2', '#', '#', '#'], ['2', '2', '2', '#', '#', '#'], ['1', '1', '#', '#', '#', '#'], ['#', '#', '#', '#', '#', '#'], ['#', '#', '#', '#', '#', '#']]

  3[['0', '0', '2', '1', '#', '#'], ['0', '0', '2', '#', '#', '#'], ['2', '2', '2', '#', '#', '#'], ['1', '1', '#', '#', '#', '#'], ['#', '#', '#', '#', '#', '#'], ['#', '#', '#', '#', '#', '#']]

  4[['0', '0', '2', '1', '#', '#'], ['0', '0', '2', '#', '#', '#'], ['2', '2', '2', '#', '#', '#'], ['1', '1', '#', '#', '#', '#'], ['#', '#', '#', '#', '#', '#'], ['#', '#', '#', '#', '#', '#']]

  5[['0', '0', '2', '1', '#', '#'], ['0', '0', '2', '#', '#', '#'], ['2', '2', '2', '#', '#', '#'], ['1', '1', '#', '#', '#', '#'], ['#', '#', '#', '#', '#', '#'], ['#', '#', '#', '#', '#', '#']]

 Dug row and col: 3, 2 

    ['0', '1', '2', '3', '4', '5']

  0[['0', '0', '2', '1', '#', '#'], ['0', '0', '2', '#', '#', '#'], ['2', '2', '2', '#', '#', '#'], ['1', '1', '2', '#', '#', '#'], ['#', '#', '#', '#', '#', '#'], ['#', '#', '#', '#', '#', '#']]

  1[['0', '0', '2', '1', '#', '#'], ['0', '0', '2', '#', '#', '#'], ['2', '2', '2', '#', '#', '#'], ['1', '1', '2', '#', '#', '#'], ['#', '#', '#', '#', '#', '#'], ['#', '#', '#', '#', '#', '#']]

  2[['0', '0', '2', '1', '#', '#'], ['0', '0', '2', '#', '#', '#'], ['2', '2', '2', '#', '#', '#'], ['1', '1', '2', '#', '#', '#'], ['#', '#', '#', '#', '#', '#'], ['#', '#', '#', '#', '#', '#']]

  3[['0', '0', '2', '1', '#', '#'], ['0', '0', '2', '#', '#', '#'], ['2', '2', '2', '#', '#', '#'], ['1', '1', '2', '#', '#', '#'], ['#', '#', '#', '#', '#', '#'], ['#', '#', '#', '#', '#', '#']]

  4[['0', '0', '2', '1', '#', '#'], ['0', '0', '2', '#', '#', '#'], ['2', '2', '2', '#', '#', '#'], ['1', '1', '2', '#', '#', '#'], ['#', '#', '#', '#', '#', '#'], ['#', '#', '#', '#', '#', '#']]

  5[['0', '0', '2', '1', '#', '#'], ['0', '0', '2', '#', '#', '#'], ['2', '2', '2', '#', '#', '#'], ['1', '1', '2', '#', '#', '#'], ['#', '#', '#', '#', '#', '#'], ['#', '#', '#', '#', '#', '#']]

 Dug row and col: 4, 2 

    ['0', '1', '2', '3', '4', '5']

  0[['0', '0', '2', '1', '#', '#'], ['0', '0', '2', '#', '#', '#'], ['2', '2', '2', '#', '#', '#'], ['1', '1', '2', '#', '#', '#'], ['#', '#', '2', '#', '#', '#'], ['#', '#', '#', '#', '#', '#']]

  1[['0', '0', '2', '1', '#', '#'], ['0', '0', '2', '#', '#', '#'], ['2', '2', '2', '#', '#', '#'], ['1', '1', '2', '#', '#', '#'], ['#', '#', '2', '#', '#', '#'], ['#', '#', '#', '#', '#', '#']]

  2[['0', '0', '2', '1', '#', '#'], ['0', '0', '2', '#', '#', '#'], ['2', '2', '2', '#', '#', '#'], ['1', '1', '2', '#', '#', '#'], ['#', '#', '2', '#', '#', '#'], ['#', '#', '#', '#', '#', '#']]

  3[['0', '0', '2', '1', '#', '#'], ['0', '0', '2', '#', '#', '#'], ['2', '2', '2', '#', '#', '#'], ['1', '1', '2', '#', '#', '#'], ['#', '#', '2', '#', '#', '#'], ['#', '#', '#', '#', '#', '#']]

  4[['0', '0', '2', '1', '#', '#'], ['0', '0', '2', '#', '#', '#'], ['2', '2', '2', '#', '#', '#'], ['1', '1', '2', '#', '#', '#'], ['#', '#', '2', '#', '#', '#'], ['#', '#', '#', '#', '#', '#']]

  5[['0', '0', '2', '1', '#', '#'], ['0', '0', '2', '#', '#', '#'], ['2', '2', '2', '#', '#', '#'], ['1', '1', '2', '#', '#', '#'], ['#', '#', '2', '#', '#', '#'], ['#', '#', '#', '#', '#', '#']]

 Dug row and col: 5, 2 

    ['0', '1', '2', '3', '4', '5']

  0[['0', '0', '2', '1', '#', '#'], ['0', '0', '2', '#', '#', '#'], ['2', '2', '2', '#', '#', '#'], ['1', '1', '2', '#', '#', '#'], ['#', '#', '2', '#', '#', '#'], ['#', '#', '2', '#', '#', '#']]

  1[['0', '0', '2', '1', '#', '#'], ['0', '0', '2', '#', '#', '#'], ['2', '2', '2', '#', '#', '#'], ['1', '1', '2', '#', '#', '#'], ['#', '#', '2', '#', '#', '#'], ['#', '#', '2', '#', '#', '#']]

  2[['0', '0', '2', '1', '#', '#'], ['0', '0', '2', '#', '#', '#'], ['2', '2', '2', '#', '#', '#'], ['1', '1', '2', '#', '#', '#'], ['#', '#', '2', '#', '#', '#'], ['#', '#', '2', '#', '#', '#']]

  3[['0', '0', '2', '1', '#', '#'], ['0', '0', '2', '#', '#', '#'], ['2', '2', '2', '#', '#', '#'], ['1', '1', '2', '#', '#', '#'], ['#', '#', '2', '#', '#', '#'], ['#', '#', '2', '#', '#', '#']]

  4[['0', '0', '2', '1', '#', '#'], ['0', '0', '2', '#', '#', '#'], ['2', '2', '2', '#', '#', '#'], ['1', '1', '2', '#', '#', '#'], ['#', '#', '2', '#', '#', '#'], ['#', '#', '2', '#', '#', '#']]

  5[['0', '0', '2', '1', '#', '#'], ['0', '0', '2', '#', '#', '#'], ['2', '2', '2', '#', '#', '#'], ['1', '1', '2', '#', '#', '#'], ['#', '#', '2', '#', '#', '#'], ['#', '#', '2', '#', '#', '#']]

 Dug row and col: 4, 1 

    ['0', '1', '2', '3', '4', '5']

  0[['0', '0', '2', '1', '#', '#'], ['0', '0', '2', '#', '#', '#'], ['2', '2', '2', '#', '#', '#'], ['1', '1', '2', '#', '#', '#'], ['#', '1', '2', '#', '#', '#'], ['#', '#', '2', '#', '#', '#']]

  1[['0', '0', '2', '1', '#', '#'], ['0', '0', '2', '#', '#', '#'], ['2', '2', '2', '#', '#', '#'], ['1', '1', '2', '#', '#', '#'], ['#', '1', '2', '#', '#', '#'], ['#', '#', '2', '#', '#', '#']]

  2[['0', '0', '2', '1', '#', '#'], ['0', '0', '2', '#', '#', '#'], ['2', '2', '2', '#', '#', '#'], ['1', '1', '2', '#', '#', '#'], ['#', '1', '2', '#', '#', '#'], ['#', '#', '2', '#', '#', '#']]

  3[['0', '0', '2', '1', '#', '#'], ['0', '0', '2', '#', '#', '#'], ['2', '2', '2', '#', '#', '#'], ['1', '1', '2', '#', '#', '#'], ['#', '1', '2', '#', '#', '#'], ['#', '#', '2', '#', '#', '#']]

  4[['0', '0', '2', '1', '#', '#'], ['0', '0', '2', '#', '#', '#'], ['2', '2', '2', '#', '#', '#'], ['1', '1', '2', '#', '#', '#'], ['#', '1', '2', '#', '#', '#'], ['#', '#', '2', '#', '#', '#']]

  5[['0', '0', '2', '1', '#', '#'], ['0', '0', '2', '#', '#', '#'], ['2', '2', '2', '#', '#', '#'], ['1', '1', '2', '#', '#', '#'], ['#', '1', '2', '#', '#', '#'], ['#', '#', '2', '#', '#', '#']]

 Dug row and col: 5, 1 

    ['0', '1', '2', '3', '4', '5']

  0[['0', '0', '2', '1', '#', '#'], ['0', '0', '2', '#', '#', '#'], ['2', '2', '2', '#', '#', '#'], ['1', '1', '2', '#', '#', '#'], ['#', '1', '2', '#', '#', '#'], ['#', '1', '2', '#', '#', '#']]

  1[['0', '0', '2', '1', '#', '#'], ['0', '0', '2', '#', '#', '#'], ['2', '2', '2', '#', '#', '#'], ['1', '1', '2', '#', '#', '#'], ['#', '1', '2', '#', '#', '#'], ['#', '1', '2', '#', '#', '#']]

  2[['0', '0', '2', '1', '#', '#'], ['0', '0', '2', '#', '#', '#'], ['2', '2', '2', '#', '#', '#'], ['1', '1', '2', '#', '#', '#'], ['#', '1', '2', '#', '#', '#'], ['#', '1', '2', '#', '#', '#']]

  3[['0', '0', '2', '1', '#', '#'], ['0', '0', '2', '#', '#', '#'], ['2', '2', '2', '#', '#', '#'], ['1', '1', '2', '#', '#', '#'], ['#', '1', '2', '#', '#', '#'], ['#', '1', '2', '#', '#', '#']]

  4[['0', '0', '2', '1', '#', '#'], ['0', '0', '2', '#', '#', '#'], ['2', '2', '2', '#', '#', '#'], ['1', '1', '2', '#', '#', '#'], ['#', '1', '2', '#', '#', '#'], ['#', '1', '2', '#', '#', '#']]

  5[['0', '0', '2', '1', '#', '#'], ['0', '0', '2', '#', '#', '#'], ['2', '2', '2', '#', '#', '#'], ['1', '1', '2', '#', '#', '#'], ['#', '1', '2', '#', '#', '#'], ['#', '1', '2', '#', '#', '#']]

 Dug row and col: 5, 0 

    ['0', '1', '2', '3', '4', '5']

  0[['0', '0', '2', '1', '#', '#'], ['0', '0', '2', '#', '#', '#'], ['2', '2', '2', '#', '#', '#'], ['1', '1', '2', '#', '#', '#'], ['#', '1', '2', '#', '#', '#'], ['1', '1', '2', '#', '#', '#']]

  1[['0', '0', '2', '1', '#', '#'], ['0', '0', '2', '#', '#', '#'], ['2', '2', '2', '#', '#', '#'], ['1', '1', '2', '#', '#', '#'], ['#', '1', '2', '#', '#', '#'], ['1', '1', '2', '#', '#', '#']]

  2[['0', '0', '2', '1', '#', '#'], ['0', '0', '2', '#', '#', '#'], ['2', '2', '2', '#', '#', '#'], ['1', '1', '2', '#', '#', '#'], ['#', '1', '2', '#', '#', '#'], ['1', '1', '2', '#', '#', '#']]

  3[['0', '0', '2', '1', '#', '#'], ['0', '0', '2', '#', '#', '#'], ['2', '2', '2', '#', '#', '#'], ['1', '1', '2', '#', '#', '#'], ['#', '1', '2', '#', '#', '#'], ['1', '1', '2', '#', '#', '#']]

  4[['0', '0', '2', '1', '#', '#'], ['0', '0', '2', '#', '#', '#'], ['2', '2', '2', '#', '#', '#'], ['1', '1', '2', '#', '#', '#'], ['#', '1', '2', '#', '#', '#'], ['1', '1', '2', '#', '#', '#']]

  5[['0', '0', '2', '1', '#', '#'], ['0', '0', '2', '#', '#', '#'], ['2', '2', '2', '#', '#', '#'], ['1', '1', '2', '#', '#', '#'], ['#', '1', '2', '#', '#', '#'], ['1', '1', '2', '#', '#', '#']]

 Dug row and col: 2, 3 

    ['0', '1', '2', '3', '4', '5']

  0[['0', '0', '2', '1', '#', '#'], ['0', '0', '2', '#', '#', '#'], ['2', '2', '2', '1', '#', '#'], ['1', '1', '2', '#', '#', '#'], ['#', '1', '2', '#', '#', '#'], ['1', '1', '2', '#', '#', '#']]

  1[['0', '0', '2', '1', '#', '#'], ['0', '0', '2', '#', '#', '#'], ['2', '2', '2', '1', '#', '#'], ['1', '1', '2', '#', '#', '#'], ['#', '1', '2', '#', '#', '#'], ['1', '1', '2', '#', '#', '#']]

  2[['0', '0', '2', '1', '#', '#'], ['0', '0', '2', '#', '#', '#'], ['2', '2', '2', '1', '#', '#'], ['1', '1', '2', '#', '#', '#'], ['#', '1', '2', '#', '#', '#'], ['1', '1', '2', '#', '#', '#']]

  3[['0', '0', '2', '1', '#', '#'], ['0', '0', '2', '#', '#', '#'], ['2', '2', '2', '1', '#', '#'], ['1', '1', '2', '#', '#', '#'], ['#', '1', '2', '#', '#', '#'], ['1', '1', '2', '#', '#', '#']]

  4[['0', '0', '2', '1', '#', '#'], ['0', '0', '2', '#', '#', '#'], ['2', '2', '2', '1', '#', '#'], ['1', '1', '2', '#', '#', '#'], ['#', '1', '2', '#', '#', '#'], ['1', '1', '2', '#', '#', '#']]

  5[['0', '0', '2', '1', '#', '#'], ['0', '0', '2', '#', '#', '#'], ['2', '2', '2', '1', '#', '#'], ['1', '1', '2', '#', '#', '#'], ['#', '1', '2', '#', '#', '#'], ['1', '1', '2', '#', '#', '#']]

 Dug row and col: 3, 3 

    ['0', '1', '2', '3', '4', '5']

  0[['0', '0', '2', '1', '#', '#'], ['0', '0', '2', '#', '#', '#'], ['2', '2', '2', '1', '#', '#'], ['1', '1', '2', '2', '#', '#'], ['#', '1', '2', '#', '#', '#'], ['1', '1', '2', '#', '#', '#']]

  1[['0', '0', '2', '1', '#', '#'], ['0', '0', '2', '#', '#', '#'], ['2', '2', '2', '1', '#', '#'], ['1', '1', '2', '2', '#', '#'], ['#', '1', '2', '#', '#', '#'], ['1', '1', '2', '#', '#', '#']]

  2[['0', '0', '2', '1', '#', '#'], ['0', '0', '2', '#', '#', '#'], ['2', '2', '2', '1', '#', '#'], ['1', '1', '2', '2', '#', '#'], ['#', '1', '2', '#', '#', '#'], ['1', '1', '2', '#', '#', '#']]

  3[['0', '0', '2', '1', '#', '#'], ['0', '0', '2', '#', '#', '#'], ['2', '2', '2', '1', '#', '#'], ['1', '1', '2', '2', '#', '#'], ['#', '1', '2', '#', '#', '#'], ['1', '1', '2', '#', '#', '#']]

  4[['0', '0', '2', '1', '#', '#'], ['0', '0', '2', '#', '#', '#'], ['2', '2', '2', '1', '#', '#'], ['1', '1', '2', '2', '#', '#'], ['#', '1', '2', '#', '#', '#'], ['1', '1', '2', '#', '#', '#']]

  5[['0', '0', '2', '1', '#', '#'], ['0', '0', '2', '#', '#', '#'], ['2', '2', '2', '1', '#', '#'], ['1', '1', '2', '2', '#', '#'], ['#', '1', '2', '#', '#', '#'], ['1', '1', '2', '#', '#', '#']]

 Dug row and col: 4, 3 

    ['0', '1', '2', '3', '4', '5']

  0[['0', '0', '2', '1', '#', '#'], ['0', '0', '2', '#', '#', '#'], ['2', '2', '2', '1', '#', '#'], ['1', '1', '2', '2', '#', '#'], ['#', '1', '2', '0', '#', '#'], ['1', '1', '2', '#', '#', '#']]

  1[['0', '0', '2', '1', '#', '#'], ['0', '0', '2', '#', '#', '#'], ['2', '2', '2', '1', '#', '#'], ['1', '1', '2', '2', '#', '#'], ['#', '1', '2', '0', '#', '#'], ['1', '1', '2', '#', '#', '#']]

  2[['0', '0', '2', '1', '#', '#'], ['0', '0', '2', '#', '#', '#'], ['2', '2', '2', '1', '#', '#'], ['1', '1', '2', '2', '#', '#'], ['#', '1', '2', '0', '#', '#'], ['1', '1', '2', '#', '#', '#']]

  3[['0', '0', '2', '1', '#', '#'], ['0', '0', '2', '#', '#', '#'], ['2', '2', '2', '1', '#', '#'], ['1', '1', '2', '2', '#', '#'], ['#', '1', '2', '0', '#', '#'], ['1', '1', '2', '#', '#', '#']]

  4[['0', '0', '2', '1', '#', '#'], ['0', '0', '2', '#', '#', '#'], ['2', '2', '2', '1', '#', '#'], ['1', '1', '2', '2', '#', '#'], ['#', '1', '2', '0', '#', '#'], ['1', '1', '2', '#', '#', '#']]

  5[['0', '0', '2', '1', '#', '#'], ['0', '0', '2', '#', '#', '#'], ['2', '2', '2', '1', '#', '#'], ['1', '1', '2', '2', '#', '#'], ['#', '1', '2', '0', '#', '#'], ['1', '1', '2', '#', '#', '#']]

 Dug row and col: 5, 3 

    ['0', '1', '2', '3', '4', '5']

  0[['0', '0', '2', '1', '#', '#'], ['0', '0', '2', '#', '#', '#'], ['2', '2', '2', '1', '#', '#'], ['1', '1', '2', '2', '#', '#'], ['#', '1', '2', '0', '#', '#'], ['1', '1', '2', '0', '#', '#']]

  1[['0', '0', '2', '1', '#', '#'], ['0', '0', '2', '#', '#', '#'], ['2', '2', '2', '1', '#', '#'], ['1', '1', '2', '2', '#', '#'], ['#', '1', '2', '0', '#', '#'], ['1', '1', '2', '0', '#', '#']]

  2[['0', '0', '2', '1', '#', '#'], ['0', '0', '2', '#', '#', '#'], ['2', '2', '2', '1', '#', '#'], ['1', '1', '2', '2', '#', '#'], ['#', '1', '2', '0', '#', '#'], ['1', '1', '2', '0', '#', '#']]

  3[['0', '0', '2', '1', '#', '#'], ['0', '0', '2', '#', '#', '#'], ['2', '2', '2', '1', '#', '#'], ['1', '1', '2', '2', '#', '#'], ['#', '1', '2', '0', '#', '#'], ['1', '1', '2', '0', '#', '#']]

  4[['0', '0', '2', '1', '#', '#'], ['0', '0', '2', '#', '#', '#'], ['2', '2', '2', '1', '#', '#'], ['1', '1', '2', '2', '#', '#'], ['#', '1', '2', '0', '#', '#'], ['1', '1', '2', '0', '#', '#']]

  5[['0', '0', '2', '1', '#', '#'], ['0', '0', '2', '#', '#', '#'], ['2', '2', '2', '1', '#', '#'], ['1', '1', '2', '2', '#', '#'], ['#', '1', '2', '0', '#', '#'], ['1', '1', '2', '0', '#', '#']]

 Dug row and col: 5, 4 

    ['0', '1', '2', '3', '4', '5']

  0[['0', '0', '2', '1', '#', '#'], ['0', '0', '2', '#', '#', '#'], ['2', '2', '2', '1', '#', '#'], ['1', '1', '2', '2', '#', '#'], ['#', '1', '2', '0', '#', '#'], ['1', '1', '2', '0', '0', '#']]

  1[['0', '0', '2', '1', '#', '#'], ['0', '0', '2', '#', '#', '#'], ['2', '2', '2', '1', '#', '#'], ['1', '1', '2', '2', '#', '#'], ['#', '1', '2', '0', '#', '#'], ['1', '1', '2', '0', '0', '#']]

  2[['0', '0', '2', '1', '#', '#'], ['0', '0', '2', '#', '#', '#'], ['2', '2', '2', '1', '#', '#'], ['1', '1', '2', '2', '#', '#'], ['#', '1', '2', '0', '#', '#'], ['1', '1', '2', '0', '0', '#']]

  3[['0', '0', '2', '1', '#', '#'], ['0', '0', '2', '#', '#', '#'], ['2', '2', '2', '1', '#', '#'], ['1', '1', '2', '2', '#', '#'], ['#', '1', '2', '0', '#', '#'], ['1', '1', '2', '0', '0', '#']]

  4[['0', '0', '2', '1', '#', '#'], ['0', '0', '2', '#', '#', '#'], ['2', '2', '2', '1', '#', '#'], ['1', '1', '2', '2', '#', '#'], ['#', '1', '2', '0', '#', '#'], ['1', '1', '2', '0', '0', '#']]

  5[['0', '0', '2', '1', '#', '#'], ['0', '0', '2', '#', '#', '#'], ['2', '2', '2', '1', '#', '#'], ['1', '1', '2', '2', '#', '#'], ['#', '1', '2', '0', '#', '#'], ['1', '1', '2', '0', '0', '#']]

 Dug row and col: 5, 5 

    ['0', '1', '2', '3', '4', '5']

  0[['0', '0', '2', '1', '#', '#'], ['0', '0', '2', '#', '#', '#'], ['2', '2', '2', '1', '#', '#'], ['1', '1', '2', '2', '#', '#'], ['#', '1', '2', '0', '#', '#'], ['1', '1', '2', '0', '0', '0']]

  1[['0', '0', '2', '1', '#', '#'], ['0', '0', '2', '#', '#', '#'], ['2', '2', '2', '1', '#', '#'], ['1', '1', '2', '2', '#', '#'], ['#', '1', '2', '0', '#', '#'], ['1', '1', '2', '0', '0', '0']]

  2[['0', '0', '2', '1', '#', '#'], ['0', '0', '2', '#', '#', '#'], ['2', '2', '2', '1', '#', '#'], ['1', '1', '2', '2', '#', '#'], ['#', '1', '2', '0', '#', '#'], ['1', '1', '2', '0', '0', '0']]

  3[['0', '0', '2', '1', '#', '#'], ['0', '0', '2', '#', '#', '#'], ['2', '2', '2', '1', '#', '#'], ['1', '1', '2', '2', '#', '#'], ['#', '1', '2', '0', '#', '#'], ['1', '1', '2', '0', '0', '0']]

  4[['0', '0', '2', '1', '#', '#'], ['0', '0', '2', '#', '#', '#'], ['2', '2', '2', '1', '#', '#'], ['1', '1', '2', '2', '#', '#'], ['#', '1', '2', '0', '#', '#'], ['1', '1', '2', '0', '0', '0']]

  5[['0', '0', '2', '1', '#', '#'], ['0', '0', '2', '#', '#', '#'], ['2', '2', '2', '1', '#', '#'], ['1', '1', '2', '2', '#', '#'], ['#', '1', '2', '0', '#', '#'], ['1', '1', '2', '0', '0', '0']]

 Dug row and col: 4, 4 

    ['0', '1', '2', '3', '4', '5']

  0[['0', '0', '2', '1', '#', '#'], ['0', '0', '2', '#', '#', '#'], ['2', '2', '2', '1', '#', '#'], ['1', '1', '2', '2', '#', '#'], ['#', '1', '2', '0', '0', '#'], ['1', '1', '2', '0', '0', '0']]

  1[['0', '0', '2', '1', '#', '#'], ['0', '0', '2', '#', '#', '#'], ['2', '2', '2', '1', '#', '#'], ['1', '1', '2', '2', '#', '#'], ['#', '1', '2', '0', '0', '#'], ['1', '1', '2', '0', '0', '0']]

  2[['0', '0', '2', '1', '#', '#'], ['0', '0', '2', '#', '#', '#'], ['2', '2', '2', '1', '#', '#'], ['1', '1', '2', '2', '#', '#'], ['#', '1', '2', '0', '0', '#'], ['1', '1', '2', '0', '0', '0']]

  3[['0', '0', '2', '1', '#', '#'], ['0', '0', '2', '#', '#', '#'], ['2', '2', '2', '1', '#', '#'], ['1', '1', '2', '2', '#', '#'], ['#', '1', '2', '0', '0', '#'], ['1', '1', '2', '0', '0', '0']]

  4[['0', '0', '2', '1', '#', '#'], ['0', '0', '2', '#', '#', '#'], ['2', '2', '2', '1', '#', '#'], ['1', '1', '2', '2', '#', '#'], ['#', '1', '2', '0', '0', '#'], ['1', '1', '2', '0', '0', '0']]

  5[['0', '0', '2', '1', '#', '#'], ['0', '0', '2', '#', '#', '#'], ['2', '2', '2', '1', '#', '#'], ['1', '1', '2', '2', '#', '#'], ['#', '1', '2', '0', '0', '#'], ['1', '1', '2', '0', '0', '0']]

 Dug row and col: 4, 5 

    ['0', '1', '2', '3', '4', '5']

  0[['0', '0', '2', '1', '#', '#'], ['0', '0', '2', '#', '#', '#'], ['2', '2', '2', '1', '#', '#'], ['1', '1', '2', '2', '#', '#'], ['#', '1', '2', '0', '0', '0'], ['1', '1', '2', '0', '0', '0']]

  1[['0', '0', '2', '1', '#', '#'], ['0', '0', '2', '#', '#', '#'], ['2', '2', '2', '1', '#', '#'], ['1', '1', '2', '2', '#', '#'], ['#', '1', '2', '0', '0', '0'], ['1', '1', '2', '0', '0', '0']]

  2[['0', '0', '2', '1', '#', '#'], ['0', '0', '2', '#', '#', '#'], ['2', '2', '2', '1', '#', '#'], ['1', '1', '2', '2', '#', '#'], ['#', '1', '2', '0', '0', '0'], ['1', '1', '2', '0', '0', '0']]

  3[['0', '0', '2', '1', '#', '#'], ['0', '0', '2', '#', '#', '#'], ['2', '2', '2', '1', '#', '#'], ['1', '1', '2', '2', '#', '#'], ['#', '1', '2', '0', '0', '0'], ['1', '1', '2', '0', '0', '0']]

  4[['0', '0', '2', '1', '#', '#'], ['0', '0', '2', '#', '#', '#'], ['2', '2', '2', '1', '#', '#'], ['1', '1', '2', '2', '#', '#'], ['#', '1', '2', '0', '0', '0'], ['1', '1', '2', '0', '0', '0']]

  5[['0', '0', '2', '1', '#', '#'], ['0', '0', '2', '#', '#', '#'], ['2', '2', '2', '1', '#', '#'], ['1', '1', '2', '2', '#', '#'], ['#', '1', '2', '0', '0', '0'], ['1', '1', '2', '0', '0', '0']]

 Dug row and col: 3, 4 

    ['0', '1', '2', '3', '4', '5']

  0[['0', '0', '2', '1', '#', '#'], ['0', '0', '2', '#', '#', '#'], ['2', '2', '2', '1', '#', '#'], ['1', '1', '2', '2', '2', '#'], ['#', '1', '2', '0', '0', '0'], ['1', '1', '2', '0', '0', '0']]

  1[['0', '0', '2', '1', '#', '#'], ['0', '0', '2', '#', '#', '#'], ['2', '2', '2', '1', '#', '#'], ['1', '1', '2', '2', '2', '#'], ['#', '1', '2', '0', '0', '0'], ['1', '1', '2', '0', '0', '0']]

  2[['0', '0', '2', '1', '#', '#'], ['0', '0', '2', '#', '#', '#'], ['2', '2', '2', '1', '#', '#'], ['1', '1', '2', '2', '2', '#'], ['#', '1', '2', '0', '0', '0'], ['1', '1', '2', '0', '0', '0']]

  3[['0', '0', '2', '1', '#', '#'], ['0', '0', '2', '#', '#', '#'], ['2', '2', '2', '1', '#', '#'], ['1', '1', '2', '2', '2', '#'], ['#', '1', '2', '0', '0', '0'], ['1', '1', '2', '0', '0', '0']]

  4[['0', '0', '2', '1', '#', '#'], ['0', '0', '2', '#', '#', '#'], ['2', '2', '2', '1', '#', '#'], ['1', '1', '2', '2', '2', '#'], ['#', '1', '2', '0', '0', '0'], ['1', '1', '2', '0', '0', '0']]

  5[['0', '0', '2', '1', '#', '#'], ['0', '0', '2', '#', '#', '#'], ['2', '2', '2', '1', '#', '#'], ['1', '1', '2', '2', '2', '#'], ['#', '1', '2', '0', '0', '0'], ['1', '1', '2', '0', '0', '0']]

 Dug row and col: 3, 5 

    ['0', '1', '2', '3', '4', '5']

  0[['0', '0', '2', '1', '#', '#'], ['0', '0', '2', '#', '#', '#'], ['2', '2', '2', '1', '#', '#'], ['1', '1', '2', '2', '2', '2'], ['#', '1', '2', '0', '0', '0'], ['1', '1', '2', '0', '0', '0']]

  1[['0', '0', '2', '1', '#', '#'], ['0', '0', '2', '#', '#', '#'], ['2', '2', '2', '1', '#', '#'], ['1', '1', '2', '2', '2', '2'], ['#', '1', '2', '0', '0', '0'], ['1', '1', '2', '0', '0', '0']]

  2[['0', '0', '2', '1', '#', '#'], ['0', '0', '2', '#', '#', '#'], ['2', '2', '2', '1', '#', '#'], ['1', '1', '2', '2', '2', '2'], ['#', '1', '2', '0', '0', '0'], ['1', '1', '2', '0', '0', '0']]

  3[['0', '0', '2', '1', '#', '#'], ['0', '0', '2', '#', '#', '#'], ['2', '2', '2', '1', '#', '#'], ['1', '1', '2', '2', '2', '2'], ['#', '1', '2', '0', '0', '0'], ['1', '1', '2', '0', '0', '0']]

  4[['0', '0', '2', '1', '#', '#'], ['0', '0', '2', '#', '#', '#'], ['2', '2', '2', '1', '#', '#'], ['1', '1', '2', '2', '2', '2'], ['#', '1', '2', '0', '0', '0'], ['1', '1', '2', '0', '0', '0']]

  5[['0', '0', '2', '1', '#', '#'], ['0', '0', '2', '#', '#', '#'], ['2', '2', '2', '1', '#', '#'], ['1', '1', '2', '2', '2', '2'], ['#', '1', '2', '0', '0', '0'], ['1', '1', '2', '0', '0', '0']]

 Dug row and col: 2, 4 

    ['0', '1', '2', '3', '4', '5']

  0[['0', '0', '2', '1', '#', '#'], ['0', '0', '2', '#', '#', '#'], ['2', '2', '2', '1', '1', '#'], ['1', '1', '2', '2', '2', '2'], ['#', '1', '2', '0', '0', '0'], ['1', '1', '2', '0', '0', '0']]

  1[['0', '0', '2', '1', '#', '#'], ['0', '0', '2', '#', '#', '#'], ['2', '2', '2', '1', '1', '#'], ['1', '1', '2', '2', '2', '2'], ['#', '1', '2', '0', '0', '0'], ['1', '1', '2', '0', '0', '0']]

  2[['0', '0', '2', '1', '#', '#'], ['0', '0', '2', '#', '#', '#'], ['2', '2', '2', '1', '1', '#'], ['1', '1', '2', '2', '2', '2'], ['#', '1', '2', '0', '0', '0'], ['1', '1', '2', '0', '0', '0']]

  3[['0', '0', '2', '1', '#', '#'], ['0', '0', '2', '#', '#', '#'], ['2', '2', '2', '1', '1', '#'], ['1', '1', '2', '2', '2', '2'], ['#', '1', '2', '0', '0', '0'], ['1', '1', '2', '0', '0', '0']]

  4[['0', '0', '2', '1', '#', '#'], ['0', '0', '2', '#', '#', '#'], ['2', '2', '2', '1', '1', '#'], ['1', '1', '2', '2', '2', '2'], ['#', '1', '2', '0', '0', '0'], ['1', '1', '2', '0', '0', '0']]

  5[['0', '0', '2', '1', '#', '#'], ['0', '0', '2', '#', '#', '#'], ['2', '2', '2', '1', '1', '#'], ['1', '1', '2', '2', '2', '2'], ['#', '1', '2', '0', '0', '0'], ['1', '1', '2', '0', '0', '0']]

 Dug row and col: 2, 5 

    ['0', '1', '2', '3', '4', '5']

  0[['0', '0', '2', '1', '#', '#'], ['0', '0', '2', '#', '#', '#'], ['2', '2', '2', '1', '1', '1'], ['1', '1', '2', '2', '2', '2'], ['#', '1', '2', '0', '0', '0'], ['1', '1', '2', '0', '0', '0']]

  1[['0', '0', '2', '1', '#', '#'], ['0', '0', '2', '#', '#', '#'], ['2', '2', '2', '1', '1', '1'], ['1', '1', '2', '2', '2', '2'], ['#', '1', '2', '0', '0', '0'], ['1', '1', '2', '0', '0', '0']]

  2[['0', '0', '2', '1', '#', '#'], ['0', '0', '2', '#', '#', '#'], ['2', '2', '2', '1', '1', '1'], ['1', '1', '2', '2', '2', '2'], ['#', '1', '2', '0', '0', '0'], ['1', '1', '2', '0', '0', '0']]

  3[['0', '0', '2', '1', '#', '#'], ['0', '0', '2', '#', '#', '#'], ['2', '2', '2', '1', '1', '1'], ['1', '1', '2', '2', '2', '2'], ['#', '1', '2', '0', '0', '0'], ['1', '1', '2', '0', '0', '0']]

  4[['0', '0', '2', '1', '#', '#'], ['0', '0', '2', '#', '#', '#'], ['2', '2', '2', '1', '1', '1'], ['1', '1', '2', '2', '2', '2'], ['#', '1', '2', '0', '0', '0'], ['1', '1', '2', '0', '0', '0']]

  5[['0', '0', '2', '1', '#', '#'], ['0', '0', '2', '#', '#', '#'], ['2', '2', '2', '1', '1', '1'], ['1', '1', '2', '2', '2', '2'], ['#', '1', '2', '0', '0', '0'], ['1', '1', '2', '0', '0', '0']]

 Dug row and col: 1, 3 

    ['0', '1', '2', '3', '4', '5']

  0[['0', '0', '2', '1', '#', '#'], ['0', '0', '2', '1', '#', '#'], ['2', '2', '2', '1', '1', '1'], ['1', '1', '2', '2', '2', '2'], ['#', '1', '2', '0', '0', '0'], ['1', '1', '2', '0', '0', '0']]

  1[['0', '0', '2', '1', '#', '#'], ['0', '0', '2', '1', '#', '#'], ['2', '2', '2', '1', '1', '1'], ['1', '1', '2', '2', '2', '2'], ['#', '1', '2', '0', '0', '0'], ['1', '1', '2', '0', '0', '0']]

  2[['0', '0', '2', '1', '#', '#'], ['0', '0', '2', '1', '#', '#'], ['2', '2', '2', '1', '1', '1'], ['1', '1', '2', '2', '2', '2'], ['#', '1', '2', '0', '0', '0'], ['1', '1', '2', '0', '0', '0']]

  3[['0', '0', '2', '1', '#', '#'], ['0', '0', '2', '1', '#', '#'], ['2', '2', '2', '1', '1', '1'], ['1', '1', '2', '2', '2', '2'], ['#', '1', '2', '0', '0', '0'], ['1', '1', '2', '0', '0', '0']]

  4[['0', '0', '2', '1', '#', '#'], ['0', '0', '2', '1', '#', '#'], ['2', '2', '2', '1', '1', '1'], ['1', '1', '2', '2', '2', '2'], ['#', '1', '2', '0', '0', '0'], ['1', '1', '2', '0', '0', '0']]

  5[['0', '0', '2', '1', '#', '#'], ['0', '0', '2', '1', '#', '#'], ['2', '2', '2', '1', '1', '1'], ['1', '1', '2', '2', '2', '2'], ['#', '1', '2', '0', '0', '0'], ['1', '1', '2', '0', '0', '0']]

 Dug row and col: 1, 5 

    ['0', '1', '2', '3', '4', '5']

  0[['0', '0', '2', '1', '#', '#'], ['0', '0', '2', '1', '#', '1'], ['2', '2', '2', '1', '1', '1'], ['1', '1', '2', '2', '2', '2'], ['#', '1', '2', '0', '0', '0'], ['1', '1', '2', '0', '0', '0']]

  1[['0', '0', '2', '1', '#', '#'], ['0', '0', '2', '1', '#', '1'], ['2', '2', '2', '1', '1', '1'], ['1', '1', '2', '2', '2', '2'], ['#', '1', '2', '0', '0', '0'], ['1', '1', '2', '0', '0', '0']]

  2[['0', '0', '2', '1', '#', '#'], ['0', '0', '2', '1', '#', '1'], ['2', '2', '2', '1', '1', '1'], ['1', '1', '2', '2', '2', '2'], ['#', '1', '2', '0', '0', '0'], ['1', '1', '2', '0', '0', '0']]

  3[['0', '0', '2', '1', '#', '#'], ['0', '0', '2', '1', '#', '1'], ['2', '2', '2', '1', '1', '1'], ['1', '1', '2', '2', '2', '2'], ['#', '1', '2', '0', '0', '0'], ['1', '1', '2', '0', '0', '0']]

  4[['0', '0', '2', '1', '#', '#'], ['0', '0', '2', '1', '#', '1'], ['2', '2', '2', '1', '1', '1'], ['1', '1', '2', '2', '2', '2'], ['#', '1', '2', '0', '0', '0'], ['1', '1', '2', '0', '0', '0']]

  5[['0', '0', '2', '1', '#', '#'], ['0', '0', '2', '1', '#', '1'], ['2', '2', '2', '1', '1', '1'], ['1', '1', '2', '2', '2', '2'], ['#', '1', '2', '0', '0', '0'], ['1', '1', '2', '0', '0', '0']]

 Dug row and col: 0, 4 

    ['0', '1', '2', '3', '4', '5']

  0[['0', '0', '2', '1', '1', '#'], ['0', '0', '2', '1', '#', '1'], ['2', '2', '2', '1', '1', '1'], ['1', '1', '2', '2', '2', '2'], ['#', '1', '2', '0', '0', '0'], ['1', '1', '2', '0', '0', '0']]

  1[['0', '0', '2', '1', '1', '#'], ['0', '0', '2', '1', '#', '1'], ['2', '2', '2', '1', '1', '1'], ['1', '1', '2', '2', '2', '2'], ['#', '1', '2', '0', '0', '0'], ['1', '1', '2', '0', '0', '0']]

  2[['0', '0', '2', '1', '1', '#'], ['0', '0', '2', '1', '#', '1'], ['2', '2', '2', '1', '1', '1'], ['1', '1', '2', '2', '2', '2'], ['#', '1', '2', '0', '0', '0'], ['1', '1', '2', '0', '0', '0']]

  3[['0', '0', '2', '1', '1', '#'], ['0', '0', '2', '1', '#', '1'], ['2', '2', '2', '1', '1', '1'], ['1', '1', '2', '2', '2', '2'], ['#', '1', '2', '0', '0', '0'], ['1', '1', '2', '0', '0', '0']]

  4[['0', '0', '2', '1', '1', '#'], ['0', '0', '2', '1', '#', '1'], ['2', '2', '2', '1', '1', '1'], ['1', '1', '2', '2', '2', '2'], ['#', '1', '2', '0', '0', '0'], ['1', '1', '2', '0', '0', '0']]

  5[['0', '0', '2', '1', '1', '#'], ['0', '0', '2', '1', '#', '1'], ['2', '2', '2', '1', '1', '1'], ['1', '1', '2', '2', '2', '2'], ['#', '1', '2', '0', '0', '0'], ['1', '1', '2', '0', '0', '0']]

 Dug row and col: 0, 5 

    ['0', '1', '2', '3', '4', '5']

  0[['0', '0', '2', '1', '1', '1'], ['0', '0', '2', '1', '#', '1'], ['2', '2', '2', '1', '1', '1'], ['1', '1', '2', '2', '2', '2'], ['#', '1', '2', '0', '0', '0'], ['1', '1', '2', '0', '0', '0']]

  1[['0', '0', '2', '1', '1', '1'], ['0', '0', '2', '1', '#', '1'], ['2', '2', '2', '1', '1', '1'], ['1', '1', '2', '2', '2', '2'], ['#', '1', '2', '0', '0', '0'], ['1', '1', '2', '0', '0', '0']]

  2[['0', '0', '2', '1', '1', '1'], ['0', '0', '2', '1', '#', '1'], ['2', '2', '2', '1', '1', '1'], ['1', '1', '2', '2', '2', '2'], ['#', '1', '2', '0', '0', '0'], ['1', '1', '2', '0', '0', '0']]

  3[['0', '0', '2', '1', '1', '1'], ['0', '0', '2', '1', '#', '1'], ['2', '2', '2', '1', '1', '1'], ['1', '1', '2', '2', '2', '2'], ['#', '1', '2', '0', '0', '0'], ['1', '1', '2', '0', '0', '0']]

  4[['0', '0', '2', '1', '1', '1'], ['0', '0', '2', '1', '#', '1'], ['2', '2', '2', '1', '1', '1'], ['1', '1', '2', '2', '2', '2'], ['#', '1', '2', '0', '0', '0'], ['1', '1', '2', '0', '0', '0']]

  5[['0', '0', '2', '1', '1', '1'], ['0', '0', '2', '1', '#', '1'], ['2', '2', '2', '1', '1', '1'], ['1', '1', '2', '2', '2', '2'], ['#', '1', '2', '0', '0', '0'], ['1', '1', '2', '0', '0', '0']]
